2015-01-09 14:53:40 [SERVER] [INFO] Starting integrated minecraft server version 1.6.2
2015-01-09 14:53:40 [SERVER] [INFO] Generating keypair
2015-01-09 14:53:40 [SERVER] [INFO] Converting map!
2015-01-09 14:53:40 [SERVER] [INFO] Scanning folders...
2015-01-09 14:53:40 [SERVER] [INFO] Total conversion count is 0
2015-01-09 14:53:40 [SERVER] [INFO] Preparing start region for level 0
2015-01-09 14:53:41 [SERVER] [INFO] Preparing spawn area: 10%
2015-01-09 14:53:42 [SERVER] [INFO] Preparing spawn area: 17%
2015-01-09 14:53:43 [SERVER] [INFO] Preparing spawn area: 23%
2015-01-09 14:53:44 [SERVER] [INFO] Preparing spawn area: 30%
2015-01-09 14:53:45 [SERVER] [INFO] Preparing spawn area: 35%
2015-01-09 14:53:46 [SERVER] [INFO] Preparing spawn area: 44%
2015-01-09 14:53:47 [SERVER] [INFO] Preparing spawn area: 54%
2015-01-09 14:53:48 [SERVER] [INFO] Preparing spawn area: 64%
2015-01-09 14:53:49 [SERVER] [INFO] Preparing spawn area: 72%
2015-01-09 14:53:50 [SERVER] [INFO] Preparing spawn area: 83%
2015-01-09 14:53:51 [SERVER] [INFO] Preparing spawn area: 94%
2015-01-09 14:53:52 [SERVER] [INFO] Damage Indicators was unable to check for updates!
2015-01-09 14:53:52 [SERVER] [INFO] 调皮猪[/127.0.0.1:0] logged in with entity id 233 at (197.5, 67.0, 264.5)
2015-01-09 14:53:53 [SERVER] [INFO] 调皮猪 加入了游戏
2015-01-09 14:54:12 [SERVER] [INFO] Saving and pausing game...
2015-01-09 14:54:12 [SERVER] [INFO] Saving chunks for level '新的世界'/Overworld
2015-01-09 14:54:12 [SERVER] [INFO] Saving chunks for level '新的世界'/Nether
2015-01-09 14:54:12 [SERVER] [INFO] Saving chunks for level '新的世界'/The End
2015-01-09 14:54:20 [SERVER] [INFO] Saving and pausing game...
2015-01-09 14:54:20 [SERVER] [INFO] Saving chunks for level '新的世界'/Overworld
2015-01-09 14:54:20 [SERVER] [INFO] Saving chunks for level '新的世界'/Nether
2015-01-09 14:54:20 [SERVER] [INFO] Saving chunks for level '新的世界'/The End
2015-01-09 14:54:31 [SERVER] [INFO] Saving and pausing game...
2015-01-09 14:54:31 [SERVER] [INFO] Saving chunks for level '新的世界'/Overworld
2015-01-09 14:54:31 [SERVER] [INFO] Saving chunks for level '新的世界'/Nether
2015-01-09 14:54:31 [SERVER] [INFO] Saving chunks for level '新的世界'/The End
2015-01-09 14:55:38 [SERVER] [INFO] Saving and pausing game...
2015-01-09 14:55:38 [SERVER] [INFO] Saving chunks for level '新的世界'/Overworld
2015-01-09 14:55:38 [SERVER] [INFO] Saving chunks for level '新的世界'/Nether
2015-01-09 14:55:38 [SERVER] [INFO] Saving chunks for level '新的世界'/The End
2015-01-09 14:55:59 [SERVER] [INFO] Saving and pausing game...
2015-01-09 14:55:59 [SERVER] [INFO] Saving chunks for level '新的世界'/Overworld
2015-01-09 14:55:59 [SERVER] [INFO] Saving chunks for level '新的世界'/Nether
2015-01-09 14:55:59 [SERVER] [INFO] Saving chunks for level '新的世界'/The End
2015-01-09 14:56:03 [SERVER] [INFO] Saving and pausing game...
2015-01-09 14:56:03 [SERVER] [INFO] Saving chunks for level '新的世界'/Overworld
2015-01-09 14:56:03 [SERVER] [INFO] Saving chunks for level '新的世界'/Nether
2015-01-09 14:56:03 [SERVER] [INFO] Saving chunks for level '新的世界'/The End
2015-01-09 14:56:04 [SERVER] [INFO] Stopping server
2015-01-09 14:56:04 [SERVER] [INFO] Saving players
2015-01-09 14:56:04 [SERVER] [INFO] 调皮猪 退出了游戏
2015-01-09 14:56:04 [SERVER] [INFO] Saving worlds
2015-01-09 14:56:04 [SERVER] [INFO] Saving chunks for level '新的世界'/Overworld
2015-01-09 14:56:04 [SERVER] [INFO] Saving chunks for level '新的世界'/Nether
2015-01-09 14:56:04 [SERVER] [INFO] Saving chunks for level '新的世界'/The End
2022-07-25 20:13:03 [SERVER] [INFO] Starting integrated minecraft server version 1.6.2
2022-07-25 20:13:03 [SERVER] [INFO] Generating keypair
2022-07-25 20:13:03 [SERVER] [INFO] Converting map!
2022-07-25 20:13:03 [SERVER] [INFO] Scanning folders...
2022-07-25 20:13:03 [SERVER] [INFO] Total conversion count is 0
2022-07-25 20:13:03 [SERVER] [INFO] Preparing start region for level 0
2022-07-25 20:13:04 [SERVER] [INFO] Preparing spawn area: 16%
2022-07-25 20:13:05 [SERVER] [INFO] Preparing spawn area: 40%
2022-07-25 20:13:06 [SERVER] [INFO] Preparing spawn area: 74%
2022-07-25 20:13:06 [SERVER] [INFO] Damage Indicators was unable to check for updates!
2022-07-25 20:13:07 [SERVER] [INFO] shun[/127.0.0.1:0] logged in with entity id 260 at (138.5, 76.0, 247.5)
2022-07-25 20:13:07 [SERVER] [INFO] shun 加入了游戏
2022-07-25 20:13:09 [SERVER] [INFO] Saving and pausing game...
2022-07-25 20:13:09 [SERVER] [INFO] Saving chunks for level '新的世界'/Overworld
2022-07-25 20:13:09 [SERVER] [INFO] Saving chunks for level '新的世界'/Nether
2022-07-25 20:13:09 [SERVER] [INFO] Saving chunks for level '新的世界'/The End
2022-07-25 20:13:12 [SERVER] [INFO] Saving and pausing game...
2022-07-25 20:13:12 [SERVER] [INFO] Saving chunks for level '新的世界'/Overworld
2022-07-25 20:13:12 [SERVER] [INFO] Saving chunks for level '新的世界'/Nether
2022-07-25 20:13:12 [SERVER] [INFO] Saving chunks for level '新的世界'/The End
2022-07-25 20:13:22 [SERVER] [INFO] Saving and pausing game...
2022-07-25 20:13:22 [SERVER] [INFO] Saving chunks for level '新的世界'/Overworld
2022-07-25 20:13:22 [SERVER] [INFO] Saving chunks for level '新的世界'/Nether
2022-07-25 20:13:22 [SERVER] [INFO] Saving chunks for level '新的世界'/The End
2022-07-25 20:13:29 [SERVER] [INFO] Started on 49395
2022-07-27 18:14:53 [SERVER] [INFO] Starting integrated minecraft server version 1.6.2
2022-07-27 18:14:53 [SERVER] [INFO] Generating keypair
